2024-12-05 04:38:25,870 - __main__ - INFO - Starting analysis for project: Household Power Consumption Analysis
2024-12-05 04:38:25,870 - __main__ - INFO - Using dataset: X:\Developing\Python\Power Model\data\household_power_consumption.csv
2024-12-05 04:38:25,870 - __main__ - INFO - Starting data loading process...
2024-12-05 04:38:34,169 - src.data_loader - INFO - Data loaded successfully. Shape: (1044506, 8)
2024-12-05 04:38:34,169 - __main__ - INFO - Preprocessing data...
2024-12-05 04:38:34,993 - __main__ - INFO - Training power consumption prediction model...
2024-12-05 04:42:40,193 - __main__ - INFO - Evaluating model performance...
2024-12-05 04:42:42,815 - __main__ - INFO - Model Performance Metrics:
2024-12-05 04:42:42,817 - __main__ - INFO - MSE: 0.0012259473162877692
2024-12-05 04:42:42,818 - __main__ - INFO - MAE: 0.019813637064892538
2024-12-05 04:42:42,818 - __main__ - INFO - R2: 0.9990435960454158
2024-12-05 04:42:42,818 - __main__ - INFO - Analyzing feature importances...
2024-12-05 04:42:43,229 - __main__ - INFO - Performing energy consumption analysis...
2024-12-05 04:42:43,395 - __main__ - INFO - Creating visualizations...
2024-12-05 04:42:47,578 - __main__ - INFO - Saved prediction accuracy plot to X:\Developing\Python\Power Model\outputs\prediction_accuracy.png
2024-12-05 04:42:47,823 - __main__ - INFO - Saved feature importance plot to X:\Developing\Python\Power Model\outputs\feature_importance.png
2024-12-05 04:42:48,043 - __main__ - INFO - Saved hourly consumption plot to X:\Developing\Python\Power Model\outputs\hourly_consumption.png
2024-12-05 04:42:48,043 - __main__ - INFO - Analysis complete. Check the outputs directory for results.
2024-12-05 05:41:20,141 - __main__ - INFO - Starting analysis for project: Household Power Consumption Analysis
2024-12-05 05:41:20,141 - __main__ - INFO - Using dataset: X:\Developing\WEB DEV\GreenMind\Backend\data\household_power_consumption.csv
2024-12-05 05:41:20,141 - __main__ - INFO - Starting data loading process...
2025-01-01 22:45:32,048 - __main__ - INFO - Starting analysis for project: Household Power Consumption Analysis
2025-01-01 22:45:32,048 - __main__ - INFO - Using dataset: X:\Developing\WEB DEV\GreenMind\Backend\data\household_power_consumption.csv
2025-01-01 22:45:32,048 - __main__ - INFO - Starting data loading process...
2025-01-01 22:45:40,511 - src.data_loader - INFO - Data loaded successfully. Shape: (1044506, 8)
2025-01-01 22:45:40,511 - __main__ - INFO - Preprocessing data...
2025-01-01 22:45:41,464 - __main__ - INFO - Training power consumption prediction model...
2025-01-01 22:49:43,246 - __main__ - INFO - Evaluating model performance...
2025-01-01 22:49:46,232 - __main__ - INFO - Model Performance Metrics:
2025-01-01 22:49:46,232 - __main__ - INFO - MSE: 0.0012259473162877692
2025-01-01 22:49:46,247 - __main__ - INFO - MAE: 0.019813637064892538
2025-01-01 22:49:46,247 - __main__ - INFO - R2: 0.9990435960454158
2025-01-01 22:49:46,247 - __main__ - INFO - Analyzing feature importances...
2025-01-01 22:49:46,700 - __main__ - INFO - Performing energy consumption analysis...
2025-01-01 22:49:48,650 - __main__ - INFO - Saved hourly consumption data to X:\Developing\WEB DEV\GreenMind\Backend\outputs\hourly_consumption.csv
2025-01-01 22:49:48,650 - __main__ - INFO - Creating visualizations...
2025-01-01 22:49:53,277 - __main__ - INFO - Saved prediction accuracy plot to X:\Developing\WEB DEV\GreenMind\Backend\outputs\prediction_accuracy.png
2025-01-01 22:49:54,276 - __main__ - INFO - Saved feature importance plot to X:\Developing\WEB DEV\GreenMind\Backend\outputs\feature_importance.png
2025-01-01 22:49:54,735 - __main__ - INFO - Saved hourly consumption plot to X:\Developing\WEB DEV\GreenMind\Backend\outputs\hourly_consumption.png
2025-01-01 22:49:54,735 - __main__ - INFO - Analysis complete. Check the outputs directory for results.
2025-01-01 23:30:05,851 - __main__ - INFO - Starting analysis for project: Household Power Consumption Analysis
2025-01-01 23:30:05,851 - __main__ - INFO - Using dataset: X:\Developing\WEB DEV\GreenMind\Backend\data\household_power_consumption.csv
2025-01-01 23:30:05,851 - __main__ - INFO - Starting data loading process...
2025-01-01 23:30:14,137 - src.data_loader - INFO - Data loaded successfully. Shape: (1044506, 8)
2025-01-01 23:30:14,137 - __main__ - INFO - Preprocessing data...
2025-01-01 23:30:15,090 - __main__ - INFO - Training power consumption prediction model...
2025-01-01 23:34:14,287 - __main__ - INFO - Evaluating model performance...
2025-01-01 23:34:16,827 - __main__ - INFO - Model Performance Metrics:
2025-01-01 23:34:16,843 - __main__ - INFO - MSE: 0.0012259473162877692
2025-01-01 23:34:16,843 - __main__ - INFO - MAE: 0.019813637064892538
2025-01-01 23:34:16,843 - __main__ - INFO - R2: 0.9990435960454158
2025-01-01 23:34:16,843 - __main__ - INFO - Analyzing feature importances...
2025-01-01 23:34:17,322 - __main__ - INFO - Performing energy consumption analysis...
2025-01-01 23:34:18,118 - __main__ - INFO - Saved hourly consumption data to X:\Developing\WEB DEV\GreenMind\Backend\outputs\hourly_consumption.csv
2025-01-01 23:34:18,118 - __main__ - INFO - Creating visualizations...
2025-01-01 23:34:22,216 - __main__ - INFO - Saved prediction accuracy plot to X:\Developing\WEB DEV\GreenMind\Backend\outputs\prediction_accuracy.png
2025-01-01 23:34:22,465 - __main__ - INFO - Saved feature importance plot to X:\Developing\WEB DEV\GreenMind\Backend\outputs\feature_importance.png
2025-01-01 23:34:22,656 - __main__ - INFO - Saved hourly consumption plot to X:\Developing\WEB DEV\GreenMind\Backend\outputs\hourly_consumption.png
2025-01-01 23:34:22,656 - __main__ - INFO - Analysis complete. Check the outputs directory for results.
2025-01-02 03:57:53,587 - __main__ - INFO - Starting analysis for project: Household Power Consumption Analysis
2025-01-02 03:57:53,587 - __main__ - INFO - Using dataset: X:\Developing\WEB DEV\GreenMind\Backend\data\household_power_consumption.csv
2025-01-02 03:57:53,587 - __main__ - INFO - Starting data loading process...
2025-01-02 03:58:01,909 - src.data_loader - INFO - Data loaded successfully. Shape: (1044506, 8)
2025-01-02 03:58:01,909 - __main__ - INFO - Preprocessing data...
2025-01-02 03:58:02,797 - __main__ - INFO - Training power consumption prediction model...
2025-01-02 04:02:03,047 - __main__ - INFO - Evaluating model performance...
2025-01-02 04:02:05,602 - __main__ - INFO - Model Performance Metrics:
2025-01-02 04:02:05,602 - __main__ - INFO - MSE: 0.0012259473162877692
2025-01-02 04:02:05,602 - __main__ - INFO - MAE: 0.019813637064892538
2025-01-02 04:02:05,602 - __main__ - INFO - R2: 0.9990435960454158
2025-01-02 04:02:05,602 - __main__ - INFO - Analyzing feature importances...
2025-01-02 04:02:06,075 - __main__ - INFO - Performing energy consumption analysis...
2025-01-02 04:02:06,462 - __main__ - INFO - Saved hourly consumption data to X:\Developing\WEB DEV\GreenMind\Backend\outputs\hourly_consumption.csv
2025-01-02 04:02:06,462 - __main__ - INFO - Creating visualizations...
2025-01-02 04:02:10,557 - __main__ - INFO - Saved prediction accuracy plot to X:\Developing\WEB DEV\GreenMind\Backend\outputs\prediction_accuracy.png
2025-01-02 04:02:10,785 - __main__ - INFO - Saved feature importance plot to X:\Developing\WEB DEV\GreenMind\Backend\outputs\feature_importance.png
2025-01-02 04:02:10,991 - __main__ - INFO - Saved hourly consumption plot to X:\Developing\WEB DEV\GreenMind\Backend\outputs\hourly_consumption.png
2025-01-02 04:02:10,991 - __main__ - INFO - Analysis complete. Check the outputs directory for results.
2025-01-02 04:02:58,226 - __main__ - INFO - Starting analysis for project: Household Power Consumption Analysis
2025-01-02 04:02:58,226 - __main__ - INFO - Using dataset: X:\Developing\WEB DEV\GreenMind\Backend\data\household_power_consumption.csv
2025-01-02 04:02:58,226 - __main__ - INFO - Starting data loading process...
2025-01-02 04:03:06,514 - src.data_loader - INFO - Data loaded successfully. Shape: (1044506, 8)
2025-01-02 04:03:06,514 - __main__ - INFO - Preprocessing data...
2025-01-02 04:03:07,467 - __main__ - INFO - Training power consumption prediction model...
2025-01-02 04:07:06,504 - __main__ - INFO - Evaluating model performance...
2025-01-02 04:07:09,063 - __main__ - INFO - Model Performance Metrics:
2025-01-02 04:07:09,063 - __main__ - INFO - MSE: 0.0012259473162877692
2025-01-02 04:07:09,063 - __main__ - INFO - MAE: 0.019813637064892538
2025-01-02 04:07:09,063 - __main__ - INFO - R2: 0.9990435960454158
2025-01-02 04:07:09,063 - __main__ - INFO - Analyzing feature importances...
2025-01-02 04:07:09,550 - __main__ - INFO - Performing energy consumption analysis...
2025-01-02 04:07:09,939 - __main__ - INFO - Saved hourly consumption data to X:\Developing\WEB DEV\GreenMind\Backend\outputs\hourly_consumption.csv
2025-01-02 04:07:09,940 - __main__ - INFO - Creating visualizations...
2025-01-02 04:07:14,012 - __main__ - INFO - Saved prediction accuracy plot to X:\Developing\WEB DEV\GreenMind\Backend\outputs\prediction_accuracy.png
2025-01-02 04:07:14,252 - __main__ - INFO - Saved feature importance plot to X:\Developing\WEB DEV\GreenMind\Backend\outputs\feature_importance.png
2025-01-02 04:07:14,445 - __main__ - INFO - Saved hourly consumption plot to X:\Developing\WEB DEV\GreenMind\Backend\outputs\hourly_consumption.png
2025-01-02 04:07:14,445 - __main__ - INFO - Analysis complete. Check the outputs directory for results.
2025-01-02 04:09:42,256 - __main__ - INFO - Starting analysis for project: Household Power Consumption Analysis
2025-01-02 04:09:42,256 - __main__ - INFO - Using dataset: X:\Developing\WEB DEV\GreenMind\Backend\data\household_power_consumption.csv
2025-01-02 04:09:42,256 - __main__ - INFO - Starting data loading process...
2025-01-02 04:09:50,386 - src.data_loader - INFO - Data loaded successfully. Shape: (1044506, 8)
2025-01-02 04:09:50,386 - __main__ - INFO - Preprocessing data...
2025-01-02 04:09:51,286 - __main__ - INFO - Training power consumption prediction model...
2025-01-02 04:13:49,568 - __main__ - INFO - Evaluating model performance...
2025-01-02 04:13:52,114 - __main__ - INFO - Model Performance Metrics:
2025-01-02 04:13:52,114 - __main__ - INFO - MSE: 0.0012259473162877692
2025-01-02 04:13:52,114 - __main__ - INFO - MAE: 0.019813637064892538
2025-01-02 04:13:52,114 - __main__ - INFO - R2: 0.9990435960454158
2025-01-02 04:13:52,114 - __main__ - INFO - Analyzing feature importances...
2025-01-02 04:13:52,595 - __main__ - INFO - Performing energy consumption analysis...
2025-01-02 04:13:52,980 - __main__ - INFO - Saved hourly consumption data to X:\Developing\WEB DEV\GreenMind\Backend\outputs\hourly_consumption.csv
2025-01-02 04:13:52,980 - __main__ - INFO - Creating visualizations...
2025-01-02 04:13:57,031 - __main__ - INFO - Saved prediction accuracy plot to X:\Developing\WEB DEV\GreenMind\Backend\outputs\prediction_accuracy.png
2025-01-02 04:13:57,272 - __main__ - INFO - Saved feature importance plot to X:\Developing\WEB DEV\GreenMind\Backend\outputs\feature_importance.png
2025-01-02 04:13:57,469 - __main__ - INFO - Saved hourly consumption plot to X:\Developing\WEB DEV\GreenMind\Backend\outputs\hourly_consumption.png
2025-01-02 04:13:57,469 - __main__ - INFO - Analysis complete. Check the outputs directory for results.
